<?xml version="1.0" encoding="UTF-8"?>
<!-- Generated by org.testng.reporters.JUnitXMLReporter -->
<testsuite ignored="0" hostname="L-INE-FZR4PL3" failures="0" tests="3" name="Default test" time="27.678" errors="0" timestamp="2024-01-15T21:23:35 IST">
  <testcase classname="com.myStore.testcases.TC1_MyAccount2" name="verifyRegistrationAndLogin" time="7.616"/>
  <testcase classname="com.myStore.testcases.TC1_MyAccount2" name="verifyLogin" time="2.828"/>
  <testcase classname="com.myStore.testcases.TC1_MyAccount2" name="verifyLogin" time="2.793"/>
</testsuite> <!-- Default test -->
