<?xml version="1.0" encoding="UTF-8"?>
<!-- Generated by org.testng.reporters.JUnitXMLReporter -->
<testsuite ignored="0" hostname="L-INE-FZR4PL3" failures="0" tests="5" name="Test" time="41.82" errors="0" timestamp="2024-01-16T09:57:43 IST">
  <testcase classname="com.myStore.testcases.TC1_MyAccount" name="verifyRegistrationAndLogin" time="8.344"/>
  <testcase classname="com.myStore.testcases.TC1_MyAccount" name="verifyLogin" time="2.638"/>
  <testcase classname="com.myStore.testcases.TC1_MyAccountUsingDDTExcel" name="verifyRegistrationAndLogin" time="8.251"/>
  <testcase classname="com.myStore.testcases.TC1_MyAccountUsingDDTExcel" name="verifyLogin" time="2.636"/>
  <testcase classname="com.myStore.testcases.TC1_MyAccountUsingDDTExcel" name="verifyLogin" time="2.671"/>
</testsuite> <!-- Test -->
