<?xml version="1.0" encoding="UTF-8"?>
<testng-results ignored="0" total="5" passed="5" failed="0" skipped="0">
  <reporter-output>
  </reporter-output>
  <suite started-at="2024-01-16T09:57:01 IST" name="Suite" finished-at="2024-01-16T09:57:43 IST" duration-ms="41820">
    <groups>
    </groups>
    <test started-at="2024-01-16T09:57:01 IST" name="Test" finished-at="2024-01-16T09:57:43 IST" duration-ms="41820">
      <class name="com.myStore.testcases.TC1_MyAccount">
        <test-method is-config="true" signature="setup()[pri:0, instance:com.myStore.testcases.TC1_MyAccount@273444fe]" started-at="2024-01-16T09:57:01 IST" name="setup" finished-at="2024-01-16T09:57:10 IST" duration-ms="9425" status="PASS">
          <reporter-output>
          </reporter-output>
        </test-method> <!-- setup -->
        <test-method signature="verifyRegistrationAndLogin()[pri:1, instance:com.myStore.testcases.TC1_MyAccount@273444fe]" started-at="2024-01-16T09:57:10 IST" name="verifyRegistrationAndLogin" finished-at="2024-01-16T09:57:19 IST" duration-ms="8344" status="PASS">
          <reporter-output>
          </reporter-output>
        </test-method> <!-- verifyRegistrationAndLogin -->
        <test-method signature="verifyLogin()[pri:2, instance:com.myStore.testcases.TC1_MyAccount@273444fe]" started-at="2024-01-16T09:57:19 IST" name="verifyLogin" finished-at="2024-01-16T09:57:21 IST" duration-ms="2638" status="PASS">
          <reporter-output>
          </reporter-output>
        </test-method> <!-- verifyLogin -->
        <test-method is-config="true" signature="tearDown()[pri:0, instance:com.myStore.testcases.TC1_MyAccount@273444fe]" started-at="2024-01-16T09:57:21 IST" name="tearDown" finished-at="2024-01-16T09:57:21 IST" duration-ms="5" status="PASS">
          <reporter-output>
          </reporter-output>
        </test-method> <!-- tearDown -->
      </class> <!-- com.myStore.testcases.TC1_MyAccount -->
      <class name="com.myStore.testcases.TC1_MyAccountUsingDDTExcel">
        <test-method is-config="true" signature="setup()[pri:0, instance:com.myStore.testcases.TC1_MyAccountUsingDDTExcel@402c4085]" started-at="2024-01-16T09:57:21 IST" name="setup" finished-at="2024-01-16T09:57:27 IST" duration-ms="6020" status="PASS">
          <reporter-output>
          </reporter-output>
        </test-method> <!-- setup -->
        <test-method signature="verifyRegistrationAndLogin()[pri:1, instance:com.myStore.testcases.TC1_MyAccountUsingDDTExcel@402c4085]" started-at="2024-01-16T09:57:27 IST" name="verifyRegistrationAndLogin" finished-at="2024-01-16T09:57:36 IST" duration-ms="8251" status="PASS">
          <reporter-output>
          </reporter-output>
        </test-method> <!-- verifyRegistrationAndLogin -->
        <test-method signature="verifyLogin(java.lang.String,java.lang.String,java.lang.String)[pri:2, instance:com.myStore.testcases.TC1_MyAccountUsingDDTExcel@402c4085]" started-at="2024-01-16T09:57:37 IST" name="verifyLogin" data-provider="LoginDataProvider" finished-at="2024-01-16T09:57:40 IST" duration-ms="2636" status="PASS">
          <params>
            <param index="0">
              <value>
                <![CDATA[gauravrrtr@gmail.com]]>
              </value>
            </param>
            <param index="1">
              <value>
                <![CDATA[Gaurav@123]]>
              </value>
            </param>
            <param index="2">
              <value>
                <![CDATA[Gaurav Dandekar]]>
              </value>
            </param>
          </params>
          <reporter-output>
          </reporter-output>
        </test-method> <!-- verifyLogin -->
        <test-method signature="verifyLogin(java.lang.String,java.lang.String,java.lang.String)[pri:2, instance:com.myStore.testcases.TC1_MyAccountUsingDDTExcel@402c4085]" started-at="2024-01-16T09:57:40 IST" name="verifyLogin" data-provider="LoginDataProvider" finished-at="2024-01-16T09:57:43 IST" duration-ms="2671" status="PASS">
          <params>
            <param index="0">
              <value>
                <![CDATA[sauravrrtr@gmail.com]]>
              </value>
            </param>
            <param index="1">
              <value>
                <![CDATA[Gaurav@123]]>
              </value>
            </param>
            <param index="2">
              <value>
                <![CDATA[Gaurav Dandekar]]>
              </value>
            </param>
          </params>
          <reporter-output>
          </reporter-output>
        </test-method> <!-- verifyLogin -->
        <test-method is-config="true" signature="tearDown()[pri:0, instance:com.myStore.testcases.TC1_MyAccountUsingDDTExcel@402c4085]" started-at="2024-01-16T09:57:43 IST" name="tearDown" finished-at="2024-01-16T09:57:43 IST" duration-ms="2" status="PASS">
          <reporter-output>
          </reporter-output>
        </test-method> <!-- tearDown -->
      </class> <!-- com.myStore.testcases.TC1_MyAccountUsingDDTExcel -->
    </test> <!-- Test -->
  </suite> <!-- Suite -->
</testng-results>
